<?xml version="1.0" encoding="UTF-8"?>
<testng-results skipped="0" failed="0" ignored="0" total="3" passed="3">
  <reporter-output>
  </reporter-output>
  <suite name="TestSuite for Parallel Testing" duration-ms="9105" started-at="2021-10-03T09:17:43Z" finished-at="2021-10-03T09:17:52Z">
    <groups>
    </groups>
    <test name="Amazon Test" duration-ms="8061" started-at="2021-10-03T09:17:43Z" finished-at="2021-10-03T09:17:51Z">
      <class name="TestPackage.TestAmazon">
        <test-method status="PASS" signature="setUp(java.lang.String)[pri:0, instance:TestPackage.TestAmazon@2f686d1f]" name="setUp" is-config="true" duration-ms="2497" started-at="2021-10-03T09:17:43Z" finished-at="2021-10-03T09:17:45Z">
          <params>
            <param index="0">
              <value>
                <![CDATA[Chrome]]>
              </value>
            </param>
          </params>
          <reporter-output>
          </reporter-output>
        </test-method> <!-- setUp -->
        <test-method status="PASS" signature="AmazonTitle()[pri:0, instance:TestPackage.TestAmazon@2f686d1f]" name="AmazonTitle" duration-ms="5460" started-at="2021-10-03T09:17:45Z" finished-at="2021-10-03T09:17:51Z">
          <reporter-output>
          </reporter-output>
        </test-method> <!-- AmazonTitle -->
        <test-method status="PASS" signature="quitBrowser()[pri:0, instance:TestPackage.TestAmazon@2f686d1f]" name="quitBrowser" is-config="true" duration-ms="84" started-at="2021-10-03T09:17:51Z" finished-at="2021-10-03T09:17:51Z">
          <reporter-output>
          </reporter-output>
        </test-method> <!-- quitBrowser -->
      </class> <!-- TestPackage.TestAmazon -->
    </test> <!-- Amazon Test -->
    <test name="Google Test" duration-ms="9105" started-at="2021-10-03T09:17:43Z" finished-at="2021-10-03T09:17:52Z">
      <class name="TestPackage.TestGoogle">
        <test-method status="PASS" signature="setUp(java.lang.String)[pri:0, instance:TestPackage.TestGoogle@7cd62f43]" name="setUp" is-config="true" duration-ms="5593" started-at="2021-10-03T09:17:43Z" finished-at="2021-10-03T09:17:48Z">
          <params>
            <param index="0">
              <value>
                <![CDATA[Chrome]]>
              </value>
            </param>
          </params>
          <reporter-output>
          </reporter-output>
        </test-method> <!-- setUp -->
        <test-method status="PASS" signature="setUp(java.lang.String)[pri:0, instance:TestPackage.TestGoogle@7cd62f43]" name="setUp" is-config="true" duration-ms="3831" started-at="2021-10-03T09:17:43Z" finished-at="2021-10-03T09:17:47Z">
          <params>
            <param index="0">
              <value>
                <![CDATA[Chrome]]>
              </value>
            </param>
          </params>
          <reporter-output>
          </reporter-output>
        </test-method> <!-- setUp -->
        <test-method status="PASS" signature="titleTest1()[pri:0, instance:TestPackage.TestGoogle@7cd62f43]" name="titleTest1" duration-ms="3782" started-at="2021-10-03T09:17:47Z" finished-at="2021-10-03T09:17:50Z">
          <reporter-output>
          </reporter-output>
        </test-method> <!-- titleTest1 -->
        <test-method status="PASS" signature="getLinksTest()[pri:0, instance:TestPackage.TestGoogle@7cd62f43]" name="getLinksTest" duration-ms="3369" started-at="2021-10-03T09:17:48Z" finished-at="2021-10-03T09:17:52Z">
          <reporter-output>
          </reporter-output>
        </test-method> <!-- getLinksTest -->
        <test-method status="PASS" signature="quitBrowser()[pri:0, instance:TestPackage.TestGoogle@7cd62f43]" name="quitBrowser" is-config="true" duration-ms="80" started-at="2021-10-03T09:17:50Z" finished-at="2021-10-03T09:17:50Z">
          <reporter-output>
          </reporter-output>
        </test-method> <!-- quitBrowser -->
        <test-method status="PASS" signature="quitBrowser()[pri:0, instance:TestPackage.TestGoogle@7cd62f43]" name="quitBrowser" is-config="true" duration-ms="125" started-at="2021-10-03T09:17:52Z" finished-at="2021-10-03T09:17:52Z">
          <reporter-output>
          </reporter-output>
        </test-method> <!-- quitBrowser -->
      </class> <!-- TestPackage.TestGoogle -->
    </test> <!-- Google Test -->
  </suite> <!-- TestSuite for Parallel Testing -->
</testng-results>
